Wed Jun  6 12:03:30 2012 pid=17 (0x3e7518b8) main: System Keybag loaded
Mon Jun 11 09:22:17 2012 pid=17 (0x3e7518b8) main: System Keybag loaded
Tue Jun 12 15:26:58 2012 pid=17 (0x3e7518b8) main: System Keybag loaded
Tue Jun 12 16:37:01 2012 pid=17 (0x3e7518b8) main: System Keybag loaded
Wed Jun 13 11:09:02 2012 pid=17 (0x3e7518b8) main: System Keybag loaded
Wed Jun 13 14:18:26 2012 pid=17 (0x3e7518b8) main: System Keybag loaded
Thu Jun 14 08:47:53 2012 pid=17 (0x3e7518b8) main: System Keybag loaded
Thu Jun 14 12:06:10 2012 pid=17 (0x3e7518b8) main: System Keybag loaded
Fri Jun 15 15:27:01 2012 pid=17 (0x3e7518b8) main: System Keybag loaded
Wed Jun 20 09:09:52 2012 pid=17 (0x3e7518b8) main: System Keybag loaded
Thu Jun 21 10:30:28 2012 pid=17 (0x3e7518b8) main: System Keybag loaded
Thu Jun 21 16:09:14 2012 pid=17 (0x3e7518b8) main: System Keybag loaded
Thu Jun 21 16:52:22 2012 pid=17 (0x3e7518b8) main: System Keybag loaded
Fri Jun 22 09:17:11 2012 pid=17 (0x3e7518b8) main: System Keybag loaded
Fri Jun 22 15:48:39 2012 pid=17 (0x3e7518b8) main: System Keybag loaded
Fri Jun 22 21:09:18 2012 pid=17 (0x3e7518b8) main: System Keybag loaded
Mon Jun 25 10:03:39 2012 pid=17 (0x3e7518b8) main: System Keybag loaded
Mon Jun 25 10:32:44 2012 pid=17 (0x3e7518b8) main: System Keybag loaded
Mon Jul  2 11:32:55 2012 pid=17 (0x3e7518b8) main: System Keybag loaded
Tue Jul  3 09:36:18 2012 pid=17 (0x3e7518b8) main: System Keybag loaded
Tue Jul  3 11:16:43 2012 pid=17 (0x3e7518b8) main: System Keybag loaded
Thu Jul  5 12:18:46 2012 pid=17 (0x3e7518b8) main: System Keybag loaded
Thu Jul  5 14:27:40 2012 pid=17 (0x3e7518b8) main: System Keybag loaded
Thu Jul  5 14:30:06 2012 pid=17 (0x3e7518b8) main: System Keybag loaded
Thu Jul  5 14:40:12 2012 pid=17 (0x3e7518b8) main: System Keybag loaded
Thu Jul  5 16:07:26 2012 pid=17 (0x3e7518b8) main: System Keybag loaded
Fri Jul  6 16:38:55 2012 pid=17 (0x3e7518b8) main: System Keybag loaded
Sat Jul  7 17:43:11 2012 pid=17 (0x3e7518b8) main: System Keybag loaded
Mon Jul  9 08:05:33 2012 pid=17 (0x3e7518b8) main: System Keybag loaded
Mon Jul  9 14:49:39 2012 pid=17 (0x3e7518b8) main: System Keybag loaded
Tue Jul 10 11:34:03 2012 pid=17 (0x3e7518b8) main: System Keybag loaded
Tue Jul 10 14:50:16 2012 pid=17 (0x3e7518b8) main: System Keybag loaded
Tue Jul 10 16:38:23 2012 pid=17 (0x3e7518b8) main: System Keybag loaded
Wed Jul 11 07:37:13 2012 pid=17 (0x3e7518b8) main: System Keybag loaded
Wed Jul 11 16:10:48 2012 pid=17 (0x3e7518b8) main: System Keybag loaded
Thu Jul 12 16:39:49 2012 pid=17 (0x3e7518b8) main: System Keybag loaded
Sun Jul 15 04:43:30 2012 pid=17 (0x3e7518b8) main: System Keybag loaded
Sun Jul 15 05:54:36 2012 pid=17 (0x3e7518b8) main: System Keybag loaded
