Sat Jul  7 17:43:27 2012 pid=16 (0x3e7518b8) deliver_baseband_ticket: Storing propose activation ticket in the data ark
Sat Jul  7 17:43:27 2012 pid=16 (0x3e7518b8) determine_activation_state_old: The activation state has not changed.
Sat Jul  7 17:43:27 2012 pid=16 (0x3e7518b8) lookup_baseband_info_old: The SIM status has changed
Sat Jul  7 17:43:27 2012 pid=16 (0x3e7518b8) _extract_record_identifier: Could not extract ICCID from account token
Sat Jul  7 17:43:27 2012 pid=16 (0x3e7518b8) load_activation_records: Could not extract ICCID from record
Sat Jul  7 17:43:27 2012 pid=16 (0x3e7518b8) load_activation_records: This is a wildcard record
Sat Jul  7 17:43:27 2012 pid=16 (0x3e7518b8) dealwith_activation: No unlock record. Looking for a care flag.
Sat Jul  7 17:43:27 2012 pid=16 (0x3e7518b8) dealwith_activation: No care flag. Looking for a record that matches the SIM.
Sat Jul  7 17:43:27 2012 pid=16 (0x3e7518b8) dealwith_activation: Looking up the record for ICCID 89014103255195342366
Sat Jul  7 17:43:27 2012 pid=16 (0x3e7518b8) dealwith_activation: No record for the SIM. Looking for wildcard.
Sat Jul  7 17:43:28 2012 pid=16 (0x3e7518b8) determine_activation_state_old: This device is a phone. It supports factory activation.
Sat Jul  7 17:43:28 2012 pid=16 (0x3e7518b8) determine_activation_state_old: The original activation state is WildcardActivated
Sat Jul  7 17:43:28 2012 pid=16 (0x3e7518b8) determine_activation_state_old: SIM status: kCTSIMSupportSIMStatusReady
Sat Jul  7 17:43:28 2012 pid=16 (0x3e7518b8) determine_activation_state_old: Removing previously issued activation ticket from data ark
Sat Jul  7 17:43:28 2012 pid=16 (0x3e7518b8) determine_activation_state_old: No ICCID in the activation record
Sat Jul  7 17:43:28 2012 pid=16 (0x3e7518b8) determine_activation_state_old: The record contains a wildcard ticket
Sat Jul  7 17:43:28 2012 pid=16 (0x3e7518b8) deliver_baseband_ticket: SIM is not in operator locked state. Ignoring activation ticket
Sat Jul  7 17:43:28 2012 pid=16 (0x3e7518b8) determine_activation_state_old: The activation state has not changed.
Sat Jul  7 17:43:28 2012 pid=16 (0x3e7518b8) lookup_baseband_info_old: The SIM status has changed
Sat Jul  7 17:43:28 2012 pid=16 (0x3e7518b8) _extract_record_identifier: Could not extract ICCID from account token
Sat Jul  7 17:43:28 2012 pid=16 (0x3e7518b8) load_activation_records: Could not extract ICCID from record
Sat Jul  7 17:43:28 2012 pid=16 (0x3e7518b8) load_activation_records: This is a wildcard record
Sat Jul  7 17:43:28 2012 pid=16 (0x3e7518b8) dealwith_activation: No unlock record. Looking for a care flag.
Sat Jul  7 17:43:28 2012 pid=16 (0x3e7518b8) dealwith_activation: No care flag. Looking for a record that matches the SIM.
Sat Jul  7 17:43:28 2012 pid=16 (0x3e7518b8) dealwith_activation: Looking up the record for ICCID 89014103255195342366
Sat Jul  7 17:43:28 2012 pid=16 (0x3e7518b8) dealwith_activation: No record for the SIM. Looking for wildcard.
Sat Jul  7 17:43:29 2012 pid=16 (0x3e7518b8) determine_activation_state_old: This device is a phone. It supports factory activation.
Sat Jul  7 17:43:29 2012 pid=16 (0x3e7518b8) determine_activation_state_old: The original activation state is WildcardActivated
Sat Jul  7 17:43:29 2012 pid=16 (0x3e7518b8) determine_activation_state_old: SIM status: kCTSIMSupportSIMStatusReady
Sat Jul  7 17:43:29 2012 pid=16 (0x3e7518b8) determine_activation_state_old: No ICCID in the activation record
Sat Jul  7 17:43:29 2012 pid=16 (0x3e7518b8) determine_activation_state_old: The record contains a wildcard ticket
Sat Jul  7 17:43:29 2012 pid=16 (0x3e7518b8) deliver_baseband_ticket: SIM is not in operator locked state. Ignoring activation ticket
Sat Jul  7 17:43:29 2012 pid=16 (0x3e7518b8) determine_activation_state_old: The activation state has not changed.
Sat Jul  7 17:43:35 2012 pid=16 (0x3e7518b8) set_formated_phone_number: New phone number 1 (703) 340-9661 to insert into the ark
Sun Jul  8 17:14:27 2012 pid=16 (0x2ff68000) handle_connection: Could not receive USB message #5 from unknown. Killing connection
Sun Jul  8 17:14:29 2012 pid=16 (0x481000) handle_connection: Could not receive USB message #7 from unknown. Killing connection
Sun Jul  8 17:14:30 2012 pid=16 (0x481000) handle_connection: Could not receive USB message #3 from unknown. Killing connection
Sun Jul  8 17:14:34 2012 pid=16 (0x481000) handle_connection: Could not receive USB message #42 from unknown. Killing connection
Sun Jul  8 17:14:35 2012 pid=16 (0x2ffea000) handle_connection: Could not receive USB message #6 from unknown. Killing connection
Sun Jul  8 17:14:36 2012 pid=16 (0x2ffea000) handle_connection: Could not receive USB message #5 from unknown. Killing connection
Sun Jul  8 17:14:38 2012 pid=16 (0x481000) handle_connection: Could not receive USB message #5 from unknown. Killing connection
Sun Jul  8 17:14:38 2012 pid=16 (0x2ffea000) handle_connection: Could not receive USB message #25 from unknown. Killing connection
Sun Jul  8 17:15:07 2012 pid=16 (0x2ff68000) handle_connection: Could not receive USB message #6 from unknown. Killing connection
Sun Jul  8 17:15:08 2012 pid=16 (0x2ff68000) handle_connection: Could not receive USB message #5 from unknown. Killing connection
Sun Jul  8 17:15:09 2012 pid=16 (0x2ff68000) handle_connection: Could not receive USB message #6 from unknown. Killing connection
Mon Jul  9 08:05:31 2012 pid=16 (0x3e7518b8) main: Starting Up
Mon Jul  9 08:05:43 2012 pid=16 (0x3e7518b8) lockstart_local: Build= 8C148
Mon Jul  9 08:05:46 2012 pid=16 (0x3e7518b8) ping_configd: Not setting host name, it already has one: Tracy Sumtwelve’s iPhone
Mon Jul  9 08:05:46 2012 pid=16 (0x3e7518b8) lookup_baseband_info_old: The SIM status has changed
Mon Jul  9 08:05:46 2012 pid=16 (0x3e7518b8) lookup_baseband_info_old: Inserting an ICCID into the data ark. Triggering an activation check.
Mon Jul  9 08:05:46 2012 pid=16 (0x3e7518b8) lookup_baseband_info_old: Inserting an IMSI into the data ark. Triggering an activation check.
Mon Jul  9 08:05:46 2012 pid=16 (0x3e7518b8) lookup_baseband_info_old: Inserting baseband version into the data ark
Mon Jul  9 08:05:46 2012 pid=16 (0x3e7518b8) lookup_baseband_info_old: Inserting baseband bootloader version into the data ark
Mon Jul  9 08:05:46 2012 pid=16 (0x3e7518b8) _extract_record_identifier: Could not extract ICCID from account token
Mon Jul  9 08:05:46 2012 pid=16 (0x3e7518b8) load_activation_records: Could not extract ICCID from record
Mon Jul  9 08:05:46 2012 pid=16 (0x3e7518b8) load_activation_records: This is a wildcard record
Mon Jul  9 08:05:46 2012 pid=16 (0x3e7518b8) dealwith_activation: No unlock record. Looking for a care flag.
Mon Jul  9 08:05:46 2012 pid=16 (0x3e7518b8) dealwith_activation: No care flag. Looking for a record that matches the SIM.
Mon Jul  9 08:05:46 2012 pid=16 (0x3e7518b8) dealwith_activation: Looking up the record for ICCID 89014103255195342366
Mon Jul  9 08:05:46 2012 pid=16 (0x3e7518b8) dealwith_activation: No record for the SIM. Looking for wildcard.
Mon Jul  9 08:05:48 2012 pid=16 (0x3e7518b8) determine_activation_state_old: This device is a phone. It supports factory activation.
Mon Jul  9 08:05:48 2012 pid=16 (0x3e7518b8) determine_activation_state_old: The original activation state is WildcardActivated
Mon Jul  9 08:05:48 2012 pid=16 (0x3e7518b8) determine_activation_state_old: SIM status: kCTSIMSupportSIMStatusOperatorLocked
Mon Jul  9 08:05:48 2012 pid=16 (0x3e7518b8) determine_activation_state_old: No ICCID in the activation record
Mon Jul  9 08:05:48 2012 pid=16 (0x3e7518b8) determine_activation_state_old: The record contains a wildcard ticket
Mon Jul  9 08:05:48 2012 pid=16 (0x3e7518b8) deliver_baseband_ticket: Issuing activation ticket
Mon Jul  9 08:05:48 2012 pid=16 (0x3e7518b8) deliver_baseband_ticket: Storing propose activation ticket in the data ark
Mon Jul  9 08:05:48 2012 pid=16 (0x3e7518b8) determine_activation_state_old: The activation state has not changed.
Mon Jul  9 08:05:48 2012 pid=16 (0x3e7518b8) lookup_baseband_info_old: The SIM status has changed
Mon Jul  9 08:05:49 2012 pid=16 (0x3e7518b8) _extract_record_identifier: Could not extract ICCID from account token
Mon Jul  9 08:05:49 2012 pid=16 (0x3e7518b8) load_activation_records: Could not extract ICCID from record
Mon Jul  9 08:05:49 2012 pid=16 (0x3e7518b8) load_activation_records: This is a wildcard record
Mon Jul  9 08:05:49 2012 pid=16 (0x3e7518b8) dealwith_activation: No unlock record. Looking for a care flag.
Mon Jul  9 08:05:49 2012 pid=16 (0x3e7518b8) dealwith_activation: No care flag. Looking for a record that matches the SIM.
Mon Jul  9 08:05:49 2012 pid=16 (0x3e7518b8) dealwith_activation: Looking up the record for ICCID 89014103255195342366
Mon Jul  9 08:05:49 2012 pid=16 (0x3e7518b8) dealwith_activation: No record for the SIM. Looking for wildcard.
Mon Jul  9 08:05:49 2012 pid=16 (0x3e7518b8) determine_activation_state_old: This device is a phone. It supports factory activation.
Mon Jul  9 08:05:49 2012 pid=16 (0x3e7518b8) determine_activation_state_old: The original activation state is WildcardActivated
Mon Jul  9 08:05:49 2012 pid=16 (0x3e7518b8) determine_activation_state_old: SIM status: kCTSIMSupportSIMStatusReady
Mon Jul  9 08:05:49 2012 pid=16 (0x3e7518b8) determine_activation_state_old: Removing previously issued activation ticket from data ark
Mon Jul  9 08:05:49 2012 pid=16 (0x3e7518b8) determine_activation_state_old: No ICCID in the activation record
Mon Jul  9 08:05:49 2012 pid=16 (0x3e7518b8) determine_activation_state_old: The record contains a wildcard ticket
Mon Jul  9 08:05:49 2012 pid=16 (0x3e7518b8) deliver_baseband_ticket: SIM is not in operator locked state. Ignoring activation ticket
Mon Jul  9 08:05:49 2012 pid=16 (0x3e7518b8) determine_activation_state_old: The activation state has not changed.
Mon Jul  9 08:05:49 2012 pid=16 (0x3e7518b8) lookup_baseband_info_old: The SIM status has changed
Mon Jul  9 08:05:49 2012 pid=16 (0x3e7518b8) _extract_record_identifier: Could not extract ICCID from account token
Mon Jul  9 08:05:50 2012 pid=16 (0x3e7518b8) load_activation_records: Could not extract ICCID from record
Mon Jul  9 08:05:50 2012 pid=16 (0x3e7518b8) load_activation_records: This is a wildcard record
Mon Jul  9 08:05:50 2012 pid=16 (0x3e7518b8) dealwith_activation: No unlock record. Looking for a care flag.
Mon Jul  9 08:05:50 2012 pid=16 (0x3e7518b8) dealwith_activation: No care flag. Looking for a record that matches the SIM.
Mon Jul  9 08:05:50 2012 pid=16 (0x3e7518b8) dealwith_activation: Looking up the record for ICCID 89014103255195342366
Mon Jul  9 08:05:50 2012 pid=16 (0x3e7518b8) dealwith_activation: No record for the SIM. Looking for wildcard.
Mon Jul  9 08:05:50 2012 pid=16 (0x3e7518b8) determine_activation_state_old: This device is a phone. It supports factory activation.
Mon Jul  9 08:05:50 2012 pid=16 (0x3e7518b8) determine_activation_state_old: The original activation state is WildcardActivated
Mon Jul  9 08:05:50 2012 pid=16 (0x3e7518b8) determine_activation_state_old: SIM status: kCTSIMSupportSIMStatusReady
Mon Jul  9 08:05:50 2012 pid=16 (0x3e7518b8) determine_activation_state_old: No ICCID in the activation record
Mon Jul  9 08:05:50 2012 pid=16 (0x3e7518b8) determine_activation_state_old: The record contains a wildcard ticket
Mon Jul  9 08:05:50 2012 pid=16 (0x3e7518b8) deliver_baseband_ticket: SIM is not in operator locked state. Ignoring activation ticket
Mon Jul  9 08:05:50 2012 pid=16 (0x3e7518b8) determine_activation_state_old: The activation state has not changed.
Mon Jul  9 08:05:56 2012 pid=16 (0x3e7518b8) set_formated_phone_number: New phone number 1 (703) 340-9661 to insert into the ark
Mon Jul  9 14:49:38 2012 pid=16 (0x3e7518b8) main: Starting Up
Mon Jul  9 14:49:50 2012 pid=16 (0x3e7518b8) lockstart_local: Build= 8C148
Mon Jul  9 14:49:53 2012 pid=16 (0x3e7518b8) ping_configd: Not setting host name, it already has one: Tracy Sumtwelve’s iPhone
Mon Jul  9 14:49:53 2012 pid=16 (0x3e7518b8) lookup_baseband_info_old: The SIM status has changed
Mon Jul  9 14:49:53 2012 pid=16 (0x3e7518b8) lookup_baseband_info_old: Inserting an ICCID into the data ark. Triggering an activation check.
Mon Jul  9 14:49:53 2012 pid=16 (0x3e7518b8) lookup_baseband_info_old: Inserting an IMSI into the data ark. Triggering an activation check.
Mon Jul  9 14:49:53 2012 pid=16 (0x3e7518b8) lookup_baseband_info_old: Inserting baseband version into the data ark
Mon Jul  9 14:49:53 2012 pid=16 (0x3e7518b8) lookup_baseband_info_old: Inserting baseband bootloader version into the data ark
Mon Jul  9 14:49:53 2012 pid=16 (0x3e7518b8) _extract_record_identifier: Could not extract ICCID from account token
Mon Jul  9 14:49:53 2012 pid=16 (0x3e7518b8) load_activation_records: Could not extract ICCID from record
Mon Jul  9 14:49:53 2012 pid=16 (0x3e7518b8) load_activation_records: This is a wildcard record
Mon Jul  9 14:49:53 2012 pid=16 (0x3e7518b8) dealwith_activation: No unlock record. Looking for a care flag.
Mon Jul  9 14:49:53 2012 pid=16 (0x3e7518b8) dealwith_activation: No care flag. Looking for a record that matches the SIM.
Mon Jul  9 14:49:53 2012 pid=16 (0x3e7518b8) dealwith_activation: Looking up the record for ICCID 89014103255195342366
Mon Jul  9 14:49:53 2012 pid=16 (0x3e7518b8) dealwith_activation: No record for the SIM. Looking for wildcard.
Mon Jul  9 14:49:55 2012 pid=16 (0x3e7518b8) determine_activation_state_old: This device is a phone. It supports factory activation.
Mon Jul  9 14:49:55 2012 pid=16 (0x3e7518b8) determine_activation_state_old: The original activation state is WildcardActivated
Mon Jul  9 14:49:55 2012 pid=16 (0x3e7518b8) determine_activation_state_old: SIM status: kCTSIMSupportSIMStatusOperatorLocked
Mon Jul  9 14:49:55 2012 pid=16 (0x3e7518b8) determine_activation_state_old: No ICCID in the activation record
Mon Jul  9 14:49:55 2012 pid=16 (0x3e7518b8) determine_activation_state_old: The record contains a wildcard ticket
Mon Jul  9 14:49:55 2012 pid=16 (0x3e7518b8) deliver_baseband_ticket: Issuing activation ticket
Mon Jul  9 14:49:55 2012 pid=16 (0x3e7518b8) deliver_baseband_ticket: Storing propose activation ticket in the data ark
Mon Jul  9 14:49:55 2012 pid=16 (0x3e7518b8) determine_activation_state_old: The activation state has not changed.
Mon Jul  9 14:49:55 2012 pid=16 (0x3e7518b8) lookup_baseband_info_old: The SIM status has changed
Mon Jul  9 14:49:55 2012 pid=16 (0x3e7518b8) _extract_record_identifier: Could not extract ICCID from account token
Mon Jul  9 14:49:55 2012 pid=16 (0x3e7518b8) load_activation_records: Could not extract ICCID from record
Mon Jul  9 14:49:55 2012 pid=16 (0x3e7518b8) load_activation_records: This is a wildcard record
Mon Jul  9 14:49:56 2012 pid=16 (0x3e7518b8) dealwith_activation: No unlock record. Looking for a care flag.
Mon Jul  9 14:49:56 2012 pid=16 (0x3e7518b8) dealwith_activation: No care flag. Looking for a record that matches the SIM.
Mon Jul  9 14:49:56 2012 pid=16 (0x3e7518b8) dealwith_activation: Looking up the record for ICCID 89014103255195342366
Mon Jul  9 14:49:56 2012 pid=16 (0x3e7518b8) dealwith_activation: No record for the SIM. Looking for wildcard.
Mon Jul  9 14:49:57 2012 pid=16 (0x3e7518b8) determine_activation_state_old: This device is a phone. It supports factory activation.
Mon Jul  9 14:49:57 2012 pid=16 (0x3e7518b8) determine_activation_state_old: The original activation state is WildcardActivated
Mon Jul  9 14:49:57 2012 pid=16 (0x3e7518b8) determine_activation_state_old: SIM status: kCTSIMSupportSIMStatusReady
Mon Jul  9 14:49:57 2012 pid=16 (0x3e7518b8) determine_activation_state_old: Removing previously issued activation ticket from data ark
Mon Jul  9 14:49:57 2012 pid=16 (0x3e7518b8) determine_activation_state_old: No ICCID in the activation record
Mon Jul  9 14:49:57 2012 pid=16 (0x3e7518b8) determine_activation_state_old: The record contains a wildcard ticket
Mon Jul  9 14:49:57 2012 pid=16 (0x3e7518b8) deliver_baseband_ticket: SIM is not in operator locked state. Ignoring activation ticket
Mon Jul  9 14:49:57 2012 pid=16 (0x3e7518b8) determine_activation_state_old: The activation state has not changed.
Mon Jul  9 14:49:57 2012 pid=16 (0x3e7518b8) lookup_baseband_info_old: The SIM status has changed
Mon Jul  9 14:49:57 2012 pid=16 (0x3e7518b8) _extract_record_identifier: Could not extract ICCID from account token
Mon Jul  9 14:49:57 2012 pid=16 (0x3e7518b8) load_activation_records: Could not extract ICCID from record
Mon Jul  9 14:49:57 2012 pid=16 (0x3e7518b8) load_activation_records: This is a wildcard record
Mon Jul  9 14:49:57 2012 pid=16 (0x3e7518b8) dealwith_activation: No unlock record. Looking for a care flag.
Mon Jul  9 14:49:57 2012 pid=16 (0x3e7518b8) dealwith_activation: No care flag. Looking for a record that matches the SIM.
Mon Jul  9 14:49:57 2012 pid=16 (0x3e7518b8) dealwith_activation: Looking up the record for ICCID 89014103255195342366
Mon Jul  9 14:49:57 2012 pid=16 (0x3e7518b8) dealwith_activation: No record for the SIM. Looking for wildcard.
Mon Jul  9 14:49:58 2012 pid=16 (0x3e7518b8) determine_activation_state_old: This device is a phone. It supports factory activation.
Mon Jul  9 14:49:58 2012 pid=16 (0x3e7518b8) determine_activation_state_old: The original activation state is WildcardActivated
Mon Jul  9 14:49:58 2012 pid=16 (0x3e7518b8) determine_activation_state_old: SIM status: kCTSIMSupportSIMStatusReady
Mon Jul  9 14:49:58 2012 pid=16 (0x3e7518b8) determine_activation_state_old: No ICCID in the activation record
Mon Jul  9 14:49:58 2012 pid=16 (0x3e7518b8) determine_activation_state_old: The record contains a wildcard ticket
Mon Jul  9 14:49:58 2012 pid=16 (0x3e7518b8) deliver_baseband_ticket: SIM is not in operator locked state. Ignoring activation ticket
Mon Jul  9 14:49:58 2012 pid=16 (0x3e7518b8) determine_activation_state_old: The activation state has not changed.
Mon Jul  9 14:50:04 2012 pid=16 (0x3e7518b8) set_formated_phone_number: New phone number 1 (703) 340-9661 to insert into the ark
Tue Jul 10 11:34:02 2012 pid=16 (0x3e7518b8) main: Starting Up
Tue Jul 10 11:34:14 2012 pid=16 (0x3e7518b8) lockstart_local: Build= 8C148
Tue Jul 10 11:34:16 2012 pid=16 (0x3e7518b8) ping_configd: Not setting host name, it already has one: Tracy Sumtwelve’s iPhone
Tue Jul 10 11:34:16 2012 pid=16 (0x3e7518b8) lookup_baseband_info_old: The SIM status has changed
Tue Jul 10 11:34:16 2012 pid=16 (0x3e7518b8) lookup_baseband_info_old: Inserting an ICCID into the data ark. Triggering an activation check.
Tue Jul 10 11:34:16 2012 pid=16 (0x3e7518b8) lookup_baseband_info_old: Inserting an IMSI into the data ark. Triggering an activation check.
Tue Jul 10 11:34:16 2012 pid=16 (0x3e7518b8) lookup_baseband_info_old: Inserting baseband version into the data ark
Tue Jul 10 11:34:17 2012 pid=16 (0x3e7518b8) lookup_baseband_info_old: Inserting baseband bootloader version into the data ark
Tue Jul 10 11:34:17 2012 pid=16 (0x3e7518b8) _extract_record_identifier: Could not extract ICCID from account token
Tue Jul 10 11:34:17 2012 pid=16 (0x3e7518b8) load_activation_records: Could not extract ICCID from record
Tue Jul 10 11:34:17 2012 pid=16 (0x3e7518b8) load_activation_records: This is a wildcard record
Tue Jul 10 11:34:17 2012 pid=16 (0x3e7518b8) dealwith_activation: No unlock record. Looking for a care flag.
Tue Jul 10 11:34:17 2012 pid=16 (0x3e7518b8) dealwith_activation: No care flag. Looking for a record that matches the SIM.
Tue Jul 10 11:34:17 2012 pid=16 (0x3e7518b8) dealwith_activation: Looking up the record for ICCID 89014103255195342366
Tue Jul 10 11:34:17 2012 pid=16 (0x3e7518b8) dealwith_activation: No record for the SIM. Looking for wildcard.
Tue Jul 10 11:34:19 2012 pid=16 (0x3e7518b8) determine_activation_state_old: This device is a phone. It supports factory activation.
Tue Jul 10 11:34:19 2012 pid=16 (0x3e7518b8) determine_activation_state_old: The original activation state is WildcardActivated
Tue Jul 10 11:34:19 2012 pid=16 (0x3e7518b8) determine_activation_state_old: SIM status: kCTSIMSupportSIMStatusOperatorLocked
Tue Jul 10 11:34:19 2012 pid=16 (0x3e7518b8) determine_activation_state_old: No ICCID in the activation record
Tue Jul 10 11:34:19 2012 pid=16 (0x3e7518b8) determine_activation_state_old: The record contains a wildcard ticket
Tue Jul 10 11:34:19 2012 pid=16 (0x3e7518b8) deliver_baseband_ticket: Issuing activation ticket
Tue Jul 10 11:34:19 2012 pid=16 (0x3e7518b8) deliver_baseband_ticket: Storing propose activation ticket in the data ark
Tue Jul 10 11:34:19 2012 pid=16 (0x3e7518b8) determine_activation_state_old: The activation state has not changed.
Tue Jul 10 11:34:19 2012 pid=16 (0x3e7518b8) lookup_baseband_info_old: The SIM status has changed
Tue Jul 10 11:34:19 2012 pid=16 (0x3e7518b8) _extract_record_identifier: Could not extract ICCID from account token
Tue Jul 10 11:34:19 2012 pid=16 (0x3e7518b8) load_activation_records: Could not extract ICCID from record
Tue Jul 10 11:34:19 2012 pid=16 (0x3e7518b8) load_activation_records: This is a wildcard record
Tue Jul 10 11:34:19 2012 pid=16 (0x3e7518b8) dealwith_activation: No unlock record. Looking for a care flag.
Tue Jul 10 11:34:19 2012 pid=16 (0x3e7518b8) dealwith_activation: No care flag. Looking for a record that matches the SIM.
Tue Jul 10 11:34:19 2012 pid=16 (0x3e7518b8) dealwith_activation: Looking up the record for ICCID 89014103255195342366
Tue Jul 10 11:34:19 2012 pid=16 (0x3e7518b8) dealwith_activation: No record for the SIM. Looking for wildcard.
Tue Jul 10 11:34:20 2012 pid=16 (0x3e7518b8) determine_activation_state_old: This device is a phone. It supports factory activation.
Tue Jul 10 11:34:20 2012 pid=16 (0x3e7518b8) determine_activation_state_old: The original activation state is WildcardActivated
Tue Jul 10 11:34:20 2012 pid=16 (0x3e7518b8) determine_activation_state_old: SIM status: kCTSIMSupportSIMStatusReady
Tue Jul 10 11:34:20 2012 pid=16 (0x3e7518b8) determine_activation_state_old: Removing previously issued activation ticket from data ark
Tue Jul 10 11:34:20 2012 pid=16 (0x3e7518b8) determine_activation_state_old: No ICCID in the activation record
Tue Jul 10 11:34:20 2012 pid=16 (0x3e7518b8) determine_activation_state_old: The record contains a wildcard ticket
Tue Jul 10 11:34:20 2012 pid=16 (0x3e7518b8) deliver_baseband_ticket: SIM is not in operator locked state. Ignoring activation ticket
Tue Jul 10 11:34:20 2012 pid=16 (0x3e7518b8) determine_activation_state_old: The activation state has not changed.
Tue Jul 10 11:34:25 2012 pid=16 (0x3e7518b8) set_formated_phone_number: New phone number 1 (703) 340-9661 to insert into the ark
Tue Jul 10 14:50:13 2012 pid=16 (0x3e7518b8) main: Starting Up
Tue Jul 10 14:50:26 2012 pid=16 (0x3e7518b8) lockstart_local: Build= 8C148
Tue Jul 10 14:50:29 2012 pid=16 (0x3e7518b8) ping_configd: Not setting host name, it already has one: Tracy Sumtwelve’s iPhone
Tue Jul 10 14:50:29 2012 pid=16 (0x3e7518b8) lookup_baseband_info_old: The SIM status has changed
Tue Jul 10 14:50:29 2012 pid=16 (0x3e7518b8) lookup_baseband_info_old: Inserting an ICCID into the data ark. Triggering an activation check.
Tue Jul 10 14:50:29 2012 pid=16 (0x3e7518b8) lookup_baseband_info_old: Inserting an IMSI into the data ark. Triggering an activation check.
Tue Jul 10 14:50:29 2012 pid=16 (0x3e7518b8) lookup_baseband_info_old: Inserting baseband version into the data ark
Tue Jul 10 14:50:29 2012 pid=16 (0x3e7518b8) lookup_baseband_info_old: Inserting baseband bootloader version into the data ark
Tue Jul 10 14:50:29 2012 pid=16 (0x3e7518b8) _extract_record_identifier: Could not extract ICCID from account token
Tue Jul 10 14:50:29 2012 pid=16 (0x3e7518b8) load_activation_records: Could not extract ICCID from record
Tue Jul 10 14:50:29 2012 pid=16 (0x3e7518b8) load_activation_records: This is a wildcard record
Tue Jul 10 14:50:29 2012 pid=16 (0x3e7518b8) dealwith_activation: No unlock record. Looking for a care flag.
Tue Jul 10 14:50:29 2012 pid=16 (0x3e7518b8) dealwith_activation: No care flag. Looking for a record that matches the SIM.
Tue Jul 10 14:50:29 2012 pid=16 (0x3e7518b8) dealwith_activation: Looking up the record for ICCID 89014103255195342366
Tue Jul 10 14:50:29 2012 pid=16 (0x3e7518b8) dealwith_activation: No record for the SIM. Looking for wildcard.
Tue Jul 10 14:50:31 2012 pid=16 (0x3e7518b8) determine_activation_state_old: This device is a phone. It supports factory activation.
Tue Jul 10 14:50:31 2012 pid=16 (0x3e7518b8) determine_activation_state_old: The original activation state is WildcardActivated
Tue Jul 10 14:50:31 2012 pid=16 (0x3e7518b8) determine_activation_state_old: SIM status: kCTSIMSupportSIMStatusOperatorLocked
Tue Jul 10 14:50:31 2012 pid=16 (0x3e7518b8) determine_activation_state_old: No ICCID in the activation record
Tue Jul 10 14:50:31 2012 pid=16 (0x3e7518b8) determine_activation_state_old: The record contains a wildcard ticket
Tue Jul 10 14:50:31 2012 pid=16 (0x3e7518b8) deliver_baseband_ticket: Issuing activation ticket
Tue Jul 10 14:50:31 2012 pid=16 (0x3e7518b8) deliver_baseband_ticket: Storing propose activation ticket in the data ark
Tue Jul 10 14:50:31 2012 pid=16 (0x3e7518b8) determine_activation_state_old: The activation state has not changed.
Tue Jul 10 14:50:32 2012 pid=16 (0x3e7518b8) lookup_baseband_info_old: The SIM status has changed
Tue Jul 10 14:50:32 2012 pid=16 (0x3e7518b8) _extract_record_identifier: Could not extract ICCID from account token
Tue Jul 10 14:50:32 2012 pid=16 (0x3e7518b8) load_activation_records: Could not extract ICCID from record
Tue Jul 10 14:50:32 2012 pid=16 (0x3e7518b8) load_activation_records: This is a wildcard record
Tue Jul 10 14:50:32 2012 pid=16 (0x3e7518b8) dealwith_activation: No unlock record. Looking for a care flag.
Tue Jul 10 14:50:32 2012 pid=16 (0x3e7518b8) dealwith_activation: No care flag. Looking for a record that matches the SIM.
Tue Jul 10 14:50:32 2012 pid=16 (0x3e7518b8) dealwith_activation: Looking up the record for ICCID 89014103255195342366
Tue Jul 10 14:50:32 2012 pid=16 (0x3e7518b8) dealwith_activation: No record for the SIM. Looking for wildcard.
Tue Jul 10 14:50:34 2012 pid=16 (0x3e7518b8) determine_activation_state_old: This device is a phone. It supports factory activation.
Tue Jul 10 14:50:34 2012 pid=16 (0x3e7518b8) determine_activation_state_old: The original activation state is WildcardActivated
Tue Jul 10 14:50:34 2012 pid=16 (0x3e7518b8) determine_activation_state_old: SIM status: kCTSIMSupportSIMStatusReady
Tue Jul 10 14:50:34 2012 pid=16 (0x3e7518b8) determine_activation_state_old: Removing previously issued activation ticket from data ark
Tue Jul 10 14:50:34 2012 pid=16 (0x3e7518b8) determine_activation_state_old: No ICCID in the activation record
Tue Jul 10 14:50:34 2012 pid=16 (0x3e7518b8) determine_activation_state_old: The record contains a wildcard ticket
Tue Jul 10 14:50:34 2012 pid=16 (0x3e7518b8) deliver_baseband_ticket: SIM is not in operator locked state. Ignoring activation ticket
Tue Jul 10 14:50:34 2012 pid=16 (0x3e7518b8) determine_activation_state_old: The activation state has not changed.
Tue Jul 10 14:50:40 2012 pid=16 (0x3e7518b8) set_formated_phone_number: New phone number 1 (703) 340-9661 to insert into the ark
Tue Jul 10 16:38:22 2012 pid=16 (0x3e7518b8) main: Starting Up
Tue Jul 10 16:38:34 2012 pid=16 (0x3e7518b8) lockstart_local: Build= 8C148
Tue Jul 10 16:38:36 2012 pid=16 (0x3e7518b8) ping_configd: Not setting host name, it already has one: Tracy Sumtwelve’s iPhone
Tue Jul 10 16:38:37 2012 pid=16 (0x3e7518b8) lookup_baseband_info_old: The SIM status has changed
Tue Jul 10 16:38:37 2012 pid=16 (0x3e7518b8) lookup_baseband_info_old: Inserting an ICCID into the data ark. Triggering an activation check.
Tue Jul 10 16:38:37 2012 pid=16 (0x3e7518b8) lookup_baseband_info_old: Inserting an IMSI into the data ark. Triggering an activation check.
Tue Jul 10 16:38:37 2012 pid=16 (0x3e7518b8) lookup_baseband_info_old: Inserting baseband version into the data ark
Tue Jul 10 16:38:37 2012 pid=16 (0x3e7518b8) lookup_baseband_info_old: Inserting baseband bootloader version into the data ark
Tue Jul 10 16:38:37 2012 pid=16 (0x3e7518b8) _extract_record_identifier: Could not extract ICCID from account token
Tue Jul 10 16:38:37 2012 pid=16 (0x3e7518b8) load_activation_records: Could not extract ICCID from record
Tue Jul 10 16:38:37 2012 pid=16 (0x3e7518b8) load_activation_records: This is a wildcard record
Tue Jul 10 16:38:37 2012 pid=16 (0x3e7518b8) dealwith_activation: No unlock record. Looking for a care flag.
Tue Jul 10 16:38:37 2012 pid=16 (0x3e7518b8) dealwith_activation: No care flag. Looking for a record that matches the SIM.
Tue Jul 10 16:38:37 2012 pid=16 (0x3e7518b8) dealwith_activation: Looking up the record for ICCID 89014103255195342366
Tue Jul 10 16:38:37 2012 pid=16 (0x3e7518b8) dealwith_activation: No record for the SIM. Looking for wildcard.
Tue Jul 10 16:38:38 2012 pid=16 (0x3e7518b8) determine_activation_state_old: This device is a phone. It supports factory activation.
Tue Jul 10 16:38:38 2012 pid=16 (0x3e7518b8) determine_activation_state_old: The original activation state is WildcardActivated
Tue Jul 10 16:38:38 2012 pid=16 (0x3e7518b8) determine_activation_state_old: SIM status: kCTSIMSupportSIMStatusOperatorLocked
Tue Jul 10 16:38:38 2012 pid=16 (0x3e7518b8) determine_activation_state_old: No ICCID in the activation record
Tue Jul 10 16:38:38 2012 pid=16 (0x3e7518b8) determine_activation_state_old: The record contains a wildcard ticket
Tue Jul 10 16:38:39 2012 pid=16 (0x3e7518b8) deliver_baseband_ticket: Issuing activation ticket
Tue Jul 10 16:38:39 2012 pid=16 (0x3e7518b8) deliver_baseband_ticket: Storing propose activation ticket in the data ark
Tue Jul 10 16:38:39 2012 pid=16 (0x3e7518b8) determine_activation_state_old: The activation state has not changed.
Tue Jul 10 16:38:39 2012 pid=16 (0x3e7518b8) lookup_baseband_info_old: The SIM status has changed
Tue Jul 10 16:38:39 2012 pid=16 (0x3e7518b8) _extract_record_identifier: Could not extract ICCID from account token
Tue Jul 10 16:38:40 2012 pid=16 (0x3e7518b8) load_activation_records: Could not extract ICCID from record
Tue Jul 10 16:38:40 2012 pid=16 (0x3e7518b8) load_activation_records: This is a wildcard record
Tue Jul 10 16:38:40 2012 pid=16 (0x3e7518b8) dealwith_activation: No unlock record. Looking for a care flag.
Tue Jul 10 16:38:40 2012 pid=16 (0x3e7518b8) dealwith_activation: No care flag. Looking for a record that matches the SIM.
Tue Jul 10 16:38:40 2012 pid=16 (0x3e7518b8) dealwith_activation: Looking up the record for ICCID 89014103255195342366
Tue Jul 10 16:38:40 2012 pid=16 (0x3e7518b8) dealwith_activation: No record for the SIM. Looking for wildcard.
Tue Jul 10 16:38:40 2012 pid=16 (0x3e7518b8) determine_activation_state_old: This device is a phone. It supports factory activation.
Tue Jul 10 16:38:40 2012 pid=16 (0x3e7518b8) determine_activation_state_old: The original activation state is WildcardActivated
Tue Jul 10 16:38:40 2012 pid=16 (0x3e7518b8) determine_activation_state_old: SIM status: kCTSIMSupportSIMStatusReady
Tue Jul 10 16:38:40 2012 pid=16 (0x3e7518b8) determine_activation_state_old: Removing previously issued activation ticket from data ark
Tue Jul 10 16:38:40 2012 pid=16 (0x3e7518b8) determine_activation_state_old: No ICCID in the activation record
Tue Jul 10 16:38:40 2012 pid=16 (0x3e7518b8) determine_activation_state_old: The record contains a wildcard ticket
Tue Jul 10 16:38:40 2012 pid=16 (0x3e7518b8) deliver_baseband_ticket: SIM is not in operator locked state. Ignoring activation ticket
Tue Jul 10 16:38:40 2012 pid=16 (0x3e7518b8) determine_activation_state_old: The activation state has not changed.
Tue Jul 10 16:38:47 2012 pid=16 (0x3e7518b8) set_formated_phone_number: New phone number 1 (703) 340-9661 to insert into the ark
Tue Jul 10 16:40:06 2012 pid=16 (0x2ff68000) handle_connection: Could not receive USB message #5 from unknown. Killing connection
Tue Jul 10 16:40:07 2012 pid=16 (0x2ffea000) handle_connection: Could not receive USB message #7 from unknown. Killing connection
Tue Jul 10 16:42:01 2012 pid=16 (0x2ff68000) handle_connection: Could not receive USB message #3 from unknown. Killing connection
Tue Jul 10 16:42:05 2012 pid=16 (0x2ff68000) handle_connection: Could not receive USB message #42 from unknown. Killing connection
Tue Jul 10 16:42:05 2012 pid=16 (0x481000) handle_connection: Could not receive USB message #6 from unknown. Killing connection
Tue Jul 10 16:42:06 2012 pid=16 (0x481000) handle_connection: Could not receive USB message #5 from unknown. Killing connection
Tue Jul 10 16:42:09 2012 pid=16 (0x2ff68000) handle_connection: Could not receive USB message #5 from unknown. Killing connection
Tue Jul 10 16:42:09 2012 pid=16 (0x481000) handle_connection: Could not receive USB message #10 from unknown. Killing connection
Tue Jul 10 16:44:05 2012 pid=16 (0x2ff68000) handle_connection: Could not receive USB message #6 from unknown. Killing connection
Tue Jul 10 16:44:06 2012 pid=16 (0x2ff68000) handle_connection: Could not receive USB message #5 from unknown. Killing connection
Tue Jul 10 16:44:07 2012 pid=16 (0x2ff68000) handle_connection: Could not receive USB message #6 from unknown. Killing connection
Wed Jul 11 07:37:12 2012 pid=16 (0x3e7518b8) main: Starting Up
Wed Jul 11 07:37:24 2012 pid=16 (0x3e7518b8) lockstart_local: Build= 8C148
Wed Jul 11 07:37:27 2012 pid=16 (0x3e7518b8) ping_configd: Not setting host name, it already has one: Tracy Sumtwelve’s iPhone
Wed Jul 11 07:37:27 2012 pid=16 (0x3e7518b8) lookup_baseband_info_old: The SIM status has changed
Wed Jul 11 07:37:27 2012 pid=16 (0x3e7518b8) lookup_baseband_info_old: Inserting an ICCID into the data ark. Triggering an activation check.
Wed Jul 11 07:37:27 2012 pid=16 (0x3e7518b8) lookup_baseband_info_old: Inserting an IMSI into the data ark. Triggering an activation check.
Wed Jul 11 07:37:27 2012 pid=16 (0x3e7518b8) lookup_baseband_info_old: Inserting baseband version into the data ark
Wed Jul 11 07:37:27 2012 pid=16 (0x3e7518b8) lookup_baseband_info_old: Inserting baseband bootloader version into the data ark
Wed Jul 11 07:37:27 2012 pid=16 (0x3e7518b8) _extract_record_identifier: Could not extract ICCID from account token
Wed Jul 11 07:37:27 2012 pid=16 (0x3e7518b8) load_activation_records: Could not extract ICCID from record
Wed Jul 11 07:37:27 2012 pid=16 (0x3e7518b8) load_activation_records: This is a wildcard record
Wed Jul 11 07:37:27 2012 pid=16 (0x3e7518b8) dealwith_activation: No unlock record. Looking for a care flag.
Wed Jul 11 07:37:28 2012 pid=16 (0x3e7518b8) dealwith_activation: No care flag. Looking for a record that matches the SIM.
Wed Jul 11 07:37:28 2012 pid=16 (0x3e7518b8) dealwith_activation: Looking up the record for ICCID 89014103255195342366
Wed Jul 11 07:37:28 2012 pid=16 (0x3e7518b8) dealwith_activation: No record for the SIM. Looking for wildcard.
Wed Jul 11 07:37:30 2012 pid=16 (0x3e7518b8) determine_activation_state_old: This device is a phone. It supports factory activation.
Wed Jul 11 07:37:30 2012 pid=16 (0x3e7518b8) determine_activation_state_old: The original activation state is WildcardActivated
Wed Jul 11 07:37:30 2012 pid=16 (0x3e7518b8) determine_activation_state_old: SIM status: kCTSIMSupportSIMStatusOperatorLocked
Wed Jul 11 07:37:30 2012 pid=16 (0x3e7518b8) determine_activation_state_old: No ICCID in the activation record
Wed Jul 11 07:37:30 2012 pid=16 (0x3e7518b8) determine_activation_state_old: The record contains a wildcard ticket
Wed Jul 11 07:37:30 2012 pid=16 (0x3e7518b8) deliver_baseband_ticket: Issuing activation ticket
Wed Jul 11 07:37:30 2012 pid=16 (0x3e7518b8) deliver_baseband_ticket: Storing propose activation ticket in the data ark
Wed Jul 11 07:37:30 2012 pid=16 (0x3e7518b8) determine_activation_state_old: The activation state has not changed.
Wed Jul 11 07:37:30 2012 pid=16 (0x3e7518b8) lookup_baseband_info_old: The SIM status has changed
Wed Jul 11 07:37:30 2012 pid=16 (0x3e7518b8) _extract_record_identifier: Could not extract ICCID from account token
Wed Jul 11 07:37:30 2012 pid=16 (0x3e7518b8) load_activation_records: Could not extract ICCID from record
Wed Jul 11 07:37:30 2012 pid=16 (0x3e7518b8) load_activation_records: This is a wildcard record
Wed Jul 11 07:37:30 2012 pid=16 (0x3e7518b8) dealwith_activation: No unlock record. Looking for a care flag.
Wed Jul 11 07:37:30 2012 pid=16 (0x3e7518b8) dealwith_activation: No care flag. Looking for a record that matches the SIM.
Wed Jul 11 07:37:30 2012 pid=16 (0x3e7518b8) dealwith_activation: Looking up the record for ICCID 89014103255195342366
Wed Jul 11 07:37:30 2012 pid=16 (0x3e7518b8) dealwith_activation: No record for the SIM. Looking for wildcard.
Wed Jul 11 07:37:31 2012 pid=16 (0x3e7518b8) determine_activation_state_old: This device is a phone. It supports factory activation.
Wed Jul 11 07:37:31 2012 pid=16 (0x3e7518b8) determine_activation_state_old: The original activation state is WildcardActivated
Wed Jul 11 07:37:31 2012 pid=16 (0x3e7518b8) determine_activation_state_old: SIM status: kCTSIMSupportSIMStatusReady
Wed Jul 11 07:37:31 2012 pid=16 (0x3e7518b8) determine_activation_state_old: Removing previously issued activation ticket from data ark
Wed Jul 11 07:37:31 2012 pid=16 (0x3e7518b8) determine_activation_state_old: No ICCID in the activation record
Wed Jul 11 07:37:31 2012 pid=16 (0x3e7518b8) determine_activation_state_old: The record contains a wildcard ticket
Wed Jul 11 07:37:31 2012 pid=16 (0x3e7518b8) deliver_baseband_ticket: SIM is not in operator locked state. Ignoring activation ticket
Wed Jul 11 07:37:31 2012 pid=16 (0x3e7518b8) determine_activation_state_old: The activation state has not changed.
Wed Jul 11 07:37:31 2012 pid=16 (0x3e7518b8) lookup_baseband_info_old: The SIM status has changed
Wed Jul 11 07:37:31 2012 pid=16 (0x3e7518b8) _extract_record_identifier: Could not extract ICCID from account token
Wed Jul 11 07:37:31 2012 pid=16 (0x3e7518b8) load_activation_records: Could not extract ICCID from record
Wed Jul 11 07:37:31 2012 pid=16 (0x3e7518b8) load_activation_records: This is a wildcard record
Wed Jul 11 07:37:31 2012 pid=16 (0x3e7518b8) dealwith_activation: No unlock record. Looking for a care flag.
Wed Jul 11 07:37:31 2012 pid=16 (0x3e7518b8) dealwith_activation: No care flag. Looking for a record that matches the SIM.
Wed Jul 11 07:37:31 2012 pid=16 (0x3e7518b8) dealwith_activation: Looking up the record for ICCID 89014103255195342366
Wed Jul 11 07:37:31 2012 pid=16 (0x3e7518b8) dealwith_activation: No record for the SIM. Looking for wildcard.
Wed Jul 11 07:37:32 2012 pid=16 (0x3e7518b8) determine_activation_state_old: This device is a phone. It supports factory activation.
Wed Jul 11 07:37:32 2012 pid=16 (0x3e7518b8) determine_activation_state_old: The original activation state is WildcardActivated
Wed Jul 11 07:37:32 2012 pid=16 (0x3e7518b8) determine_activation_state_old: SIM status: kCTSIMSupportSIMStatusReady
Wed Jul 11 07:37:32 2012 pid=16 (0x3e7518b8) determine_activation_state_old: No ICCID in the activation record
Wed Jul 11 07:37:32 2012 pid=16 (0x3e7518b8) determine_activation_state_old: The record contains a wildcard ticket
Wed Jul 11 07:37:32 2012 pid=16 (0x3e7518b8) deliver_baseband_ticket: SIM is not in operator locked state. Ignoring activation ticket
Wed Jul 11 07:37:32 2012 pid=16 (0x3e7518b8) determine_activation_state_old: The activation state has not changed.
Wed Jul 11 07:37:37 2012 pid=16 (0x3e7518b8) set_formated_phone_number: New phone number 1 (703) 340-9661 to insert into the ark
Wed Jul 11 16:10:47 2012 pid=16 (0x3e7518b8) main: Starting Up
Wed Jul 11 16:10:59 2012 pid=16 (0x3e7518b8) lockstart_local: Build= 8C148
Wed Jul 11 16:11:02 2012 pid=16 (0x3e7518b8) ping_configd: Not setting host name, it already has one: Tracy Sumtwelve’s iPhone
Wed Jul 11 16:11:02 2012 pid=16 (0x3e7518b8) lookup_baseband_info_old: The SIM status has changed
Wed Jul 11 16:11:02 2012 pid=16 (0x3e7518b8) lookup_baseband_info_old: Inserting an ICCID into the data ark. Triggering an activation check.
Wed Jul 11 16:11:02 2012 pid=16 (0x3e7518b8) lookup_baseband_info_old: Inserting an IMSI into the data ark. Triggering an activation check.
Wed Jul 11 16:11:02 2012 pid=16 (0x3e7518b8) lookup_baseband_info_old: Inserting baseband version into the data ark
Wed Jul 11 16:11:02 2012 pid=16 (0x3e7518b8) lookup_baseband_info_old: Inserting baseband bootloader version into the data ark
Wed Jul 11 16:11:02 2012 pid=16 (0x3e7518b8) _extract_record_identifier: Could not extract ICCID from account token
Wed Jul 11 16:11:02 2012 pid=16 (0x3e7518b8) load_activation_records: Could not extract ICCID from record
Wed Jul 11 16:11:02 2012 pid=16 (0x3e7518b8) load_activation_records: This is a wildcard record
Wed Jul 11 16:11:02 2012 pid=16 (0x3e7518b8) dealwith_activation: No unlock record. Looking for a care flag.
Wed Jul 11 16:11:02 2012 pid=16 (0x3e7518b8) dealwith_activation: No care flag. Looking for a record that matches the SIM.
Wed Jul 11 16:11:02 2012 pid=16 (0x3e7518b8) dealwith_activation: Looking up the record for ICCID 89014103255195342366
Wed Jul 11 16:11:02 2012 pid=16 (0x3e7518b8) dealwith_activation: No record for the SIM. Looking for wildcard.
Wed Jul 11 16:11:03 2012 pid=16 (0x3e7518b8) determine_activation_state_old: This device is a phone. It supports factory activation.
Wed Jul 11 16:11:03 2012 pid=16 (0x3e7518b8) determine_activation_state_old: The original activation state is WildcardActivated
Wed Jul 11 16:11:03 2012 pid=16 (0x3e7518b8) determine_activation_state_old: SIM status: kCTSIMSupportSIMStatusOperatorLocked
Wed Jul 11 16:11:03 2012 pid=16 (0x3e7518b8) determine_activation_state_old: No ICCID in the activation record
Wed Jul 11 16:11:03 2012 pid=16 (0x3e7518b8) determine_activation_state_old: The record contains a wildcard ticket
Wed Jul 11 16:11:03 2012 pid=16 (0x3e7518b8) deliver_baseband_ticket: Issuing activation ticket
Wed Jul 11 16:11:03 2012 pid=16 (0x3e7518b8) deliver_baseband_ticket: Storing propose activation ticket in the data ark
Wed Jul 11 16:11:03 2012 pid=16 (0x3e7518b8) determine_activation_state_old: The activation state has not changed.
Wed Jul 11 16:11:04 2012 pid=16 (0x3e7518b8) lookup_baseband_info_old: The SIM status has changed
Wed Jul 11 16:11:04 2012 pid=16 (0x3e7518b8) _extract_record_identifier: Could not extract ICCID from account token
Wed Jul 11 16:11:04 2012 pid=16 (0x3e7518b8) load_activation_records: Could not extract ICCID from record
Wed Jul 11 16:11:04 2012 pid=16 (0x3e7518b8) load_activation_records: This is a wildcard record
Wed Jul 11 16:11:04 2012 pid=16 (0x3e7518b8) dealwith_activation: No unlock record. Looking for a care flag.
Wed Jul 11 16:11:04 2012 pid=16 (0x3e7518b8) dealwith_activation: No care flag. Looking for a record that matches the SIM.
Wed Jul 11 16:11:04 2012 pid=16 (0x3e7518b8) dealwith_activation: Looking up the record for ICCID 89014103255195342366
Wed Jul 11 16:11:04 2012 pid=16 (0x3e7518b8) dealwith_activation: No record for the SIM. Looking for wildcard.
Wed Jul 11 16:11:05 2012 pid=16 (0x3e7518b8) determine_activation_state_old: This device is a phone. It supports factory activation.
Wed Jul 11 16:11:05 2012 pid=16 (0x3e7518b8) determine_activation_state_old: The original activation state is WildcardActivated
Wed Jul 11 16:11:05 2012 pid=16 (0x3e7518b8) determine_activation_state_old: SIM status: kCTSIMSupportSIMStatusReady
Wed Jul 11 16:11:05 2012 pid=16 (0x3e7518b8) determine_activation_state_old: Removing previously issued activation ticket from data ark
Wed Jul 11 16:11:05 2012 pid=16 (0x3e7518b8) determine_activation_state_old: No ICCID in the activation record
Wed Jul 11 16:11:05 2012 pid=16 (0x3e7518b8) determine_activation_state_old: The record contains a wildcard ticket
Wed Jul 11 16:11:05 2012 pid=16 (0x3e7518b8) deliver_baseband_ticket: SIM is not in operator locked state. Ignoring activation ticket
Wed Jul 11 16:11:05 2012 pid=16 (0x3e7518b8) determine_activation_state_old: The activation state has not changed.
Wed Jul 11 16:11:12 2012 pid=16 (0x3e7518b8) set_formated_phone_number: New phone number 1 (703) 340-9661 to insert into the ark
Thu Jul 12 16:39:47 2012 pid=16 (0x3e7518b8) main: Starting Up
Thu Jul 12 16:40:00 2012 pid=16 (0x3e7518b8) lockstart_local: Build= 8C148
Thu Jul 12 16:40:03 2012 pid=16 (0x3e7518b8) ping_configd: Not setting host name, it already has one: Tracy Sumtwelve’s iPhone
Thu Jul 12 16:40:03 2012 pid=16 (0x3e7518b8) lookup_baseband_info_old: The SIM status has changed
Thu Jul 12 16:40:03 2012 pid=16 (0x3e7518b8) lookup_baseband_info_old: Inserting an ICCID into the data ark. Triggering an activation check.
Thu Jul 12 16:40:03 2012 pid=16 (0x3e7518b8) lookup_baseband_info_old: Inserting an IMSI into the data ark. Triggering an activation check.
Thu Jul 12 16:40:03 2012 pid=16 (0x3e7518b8) lookup_baseband_info_old: Inserting baseband version into the data ark
Thu Jul 12 16:40:03 2012 pid=16 (0x3e7518b8) lookup_baseband_info_old: Inserting baseband bootloader version into the data ark
Thu Jul 12 16:40:03 2012 pid=16 (0x3e7518b8) _extract_record_identifier: Could not extract ICCID from account token
Thu Jul 12 16:40:03 2012 pid=16 (0x3e7518b8) load_activation_records: Could not extract ICCID from record
Thu Jul 12 16:40:03 2012 pid=16 (0x3e7518b8) load_activation_records: This is a wildcard record
Thu Jul 12 16:40:03 2012 pid=16 (0x3e7518b8) dealwith_activation: No unlock record. Looking for a care flag.
Thu Jul 12 16:40:03 2012 pid=16 (0x3e7518b8) dealwith_activation: No care flag. Looking for a record that matches the SIM.
Thu Jul 12 16:40:03 2012 pid=16 (0x3e7518b8) dealwith_activation: Looking up the record for ICCID 89014103255195342366
Thu Jul 12 16:40:03 2012 pid=16 (0x3e7518b8) dealwith_activation: No record for the SIM. Looking for wildcard.
Thu Jul 12 16:40:05 2012 pid=16 (0x3e7518b8) determine_activation_state_old: This device is a phone. It supports factory activation.
Thu Jul 12 16:40:05 2012 pid=16 (0x3e7518b8) determine_activation_state_old: The original activation state is WildcardActivated
Thu Jul 12 16:40:05 2012 pid=16 (0x3e7518b8) determine_activation_state_old: SIM status: kCTSIMSupportSIMStatusOperatorLocked
Thu Jul 12 16:40:05 2012 pid=16 (0x3e7518b8) determine_activation_state_old: No ICCID in the activation record
Thu Jul 12 16:40:05 2012 pid=16 (0x3e7518b8) determine_activation_state_old: The record contains a wildcard ticket
Thu Jul 12 16:40:05 2012 pid=16 (0x3e7518b8) deliver_baseband_ticket: Issuing activation ticket
Thu Jul 12 16:40:05 2012 pid=16 (0x3e7518b8) deliver_baseband_ticket: Storing propose activation ticket in the data ark
Thu Jul 12 16:40:05 2012 pid=16 (0x3e7518b8) determine_activation_state_old: The activation state has not changed.
Thu Jul 12 16:40:06 2012 pid=16 (0x3e7518b8) lookup_baseband_info_old: The SIM status has changed
Thu Jul 12 16:40:06 2012 pid=16 (0x3e7518b8) _extract_record_identifier: Could not extract ICCID from account token
Thu Jul 12 16:40:06 2012 pid=16 (0x3e7518b8) load_activation_records: Could not extract ICCID from record
Thu Jul 12 16:40:06 2012 pid=16 (0x3e7518b8) load_activation_records: This is a wildcard record
Thu Jul 12 16:40:06 2012 pid=16 (0x3e7518b8) dealwith_activation: No unlock record. Looking for a care flag.
Thu Jul 12 16:40:06 2012 pid=16 (0x3e7518b8) dealwith_activation: No care flag. Looking for a record that matches the SIM.
Thu Jul 12 16:40:06 2012 pid=16 (0x3e7518b8) dealwith_activation: Looking up the record for ICCID 89014103255195342366
Thu Jul 12 16:40:06 2012 pid=16 (0x3e7518b8) dealwith_activation: No record for the SIM. Looking for wildcard.
Thu Jul 12 16:40:07 2012 pid=16 (0x3e7518b8) determine_activation_state_old: This device is a phone. It supports factory activation.
Thu Jul 12 16:40:07 2012 pid=16 (0x3e7518b8) determine_activation_state_old: The original activation state is WildcardActivated
Thu Jul 12 16:40:07 2012 pid=16 (0x3e7518b8) determine_activation_state_old: SIM status: kCTSIMSupportSIMStatusReady
Thu Jul 12 16:40:07 2012 pid=16 (0x3e7518b8) determine_activation_state_old: Removing previously issued activation ticket from data ark
Thu Jul 12 16:40:07 2012 pid=16 (0x3e7518b8) determine_activation_state_old: No ICCID in the activation record
Thu Jul 12 16:40:07 2012 pid=16 (0x3e7518b8) determine_activation_state_old: The record contains a wildcard ticket
Thu Jul 12 16:40:07 2012 pid=16 (0x3e7518b8) deliver_baseband_ticket: SIM is not in operator locked state. Ignoring activation ticket
Thu Jul 12 16:40:07 2012 pid=16 (0x3e7518b8) determine_activation_state_old: The activation state has not changed.
Thu Jul 12 16:40:07 2012 pid=16 (0x3e7518b8) lookup_baseband_info_old: The SIM status has changed
Thu Jul 12 16:40:07 2012 pid=16 (0x3e7518b8) _extract_record_identifier: Could not extract ICCID from account token
Thu Jul 12 16:40:07 2012 pid=16 (0x3e7518b8) load_activation_records: Could not extract ICCID from record
Thu Jul 12 16:40:07 2012 pid=16 (0x3e7518b8) load_activation_records: This is a wildcard record
Thu Jul 12 16:40:07 2012 pid=16 (0x3e7518b8) dealwith_activation: No unlock record. Looking for a care flag.
Thu Jul 12 16:40:07 2012 pid=16 (0x3e7518b8) dealwith_activation: No care flag. Looking for a record that matches the SIM.
Thu Jul 12 16:40:07 2012 pid=16 (0x3e7518b8) dealwith_activation: Looking up the record for ICCID 89014103255195342366
Thu Jul 12 16:40:07 2012 pid=16 (0x3e7518b8) dealwith_activation: No record for the SIM. Looking for wildcard.
Thu Jul 12 16:40:07 2012 pid=16 (0x3e7518b8) determine_activation_state_old: This device is a phone. It supports factory activation.
Thu Jul 12 16:40:07 2012 pid=16 (0x3e7518b8) determine_activation_state_old: The original activation state is WildcardActivated
Thu Jul 12 16:40:07 2012 pid=16 (0x3e7518b8) determine_activation_state_old: SIM status: kCTSIMSupportSIMStatusReady
Thu Jul 12 16:40:07 2012 pid=16 (0x3e7518b8) determine_activation_state_old: No ICCID in the activation record
Thu Jul 12 16:40:07 2012 pid=16 (0x3e7518b8) determine_activation_state_old: The record contains a wildcard ticket
Thu Jul 12 16:40:07 2012 pid=16 (0x3e7518b8) deliver_baseband_ticket: SIM is not in operator locked state. Ignoring activation ticket
Thu Jul 12 16:40:07 2012 pid=16 (0x3e7518b8) determine_activation_state_old: The activation state has not changed.
Thu Jul 12 16:40:11 2012 pid=16 (0x3e7518b8) set_formated_phone_number: New phone number 1 (703) 340-9661 to insert into the ark
Sun Jul 15 04:43:29 2012 pid=16 (0x3e7518b8) main: Starting Up
Sun Jul 15 04:43:41 2012 pid=16 (0x3e7518b8) lockstart_local: Build= 8C148
Sun Jul 15 04:43:44 2012 pid=16 (0x3e7518b8) ping_configd: Not setting host name, it already has one: Tracy Sumtwelve’s iPhone
Sun Jul 15 04:43:44 2012 pid=16 (0x3e7518b8) lookup_baseband_info_old: The SIM status has changed
Sun Jul 15 04:43:44 2012 pid=16 (0x3e7518b8) lookup_baseband_info_old: Inserting an ICCID into the data ark. Triggering an activation check.
Sun Jul 15 04:43:44 2012 pid=16 (0x3e7518b8) lookup_baseband_info_old: Inserting an IMSI into the data ark. Triggering an activation check.
Sun Jul 15 04:43:44 2012 pid=16 (0x3e7518b8) lookup_baseband_info_old: Inserting baseband version into the data ark
Sun Jul 15 04:43:44 2012 pid=16 (0x3e7518b8) lookup_baseband_info_old: Inserting baseband bootloader version into the data ark
Sun Jul 15 04:43:44 2012 pid=16 (0x3e7518b8) _extract_record_identifier: Could not extract ICCID from account token
Sun Jul 15 04:43:44 2012 pid=16 (0x3e7518b8) load_activation_records: Could not extract ICCID from record
Sun Jul 15 04:43:44 2012 pid=16 (0x3e7518b8) load_activation_records: This is a wildcard record
Sun Jul 15 04:43:44 2012 pid=16 (0x3e7518b8) dealwith_activation: No unlock record. Looking for a care flag.
Sun Jul 15 04:43:44 2012 pid=16 (0x3e7518b8) dealwith_activation: No care flag. Looking for a record that matches the SIM.
Sun Jul 15 04:43:44 2012 pid=16 (0x3e7518b8) dealwith_activation: Looking up the record for ICCID 89014103255195342366
Sun Jul 15 04:43:44 2012 pid=16 (0x3e7518b8) dealwith_activation: No record for the SIM. Looking for wildcard.
Sun Jul 15 04:43:46 2012 pid=16 (0x3e7518b8) determine_activation_state_old: This device is a phone. It supports factory activation.
Sun Jul 15 04:43:46 2012 pid=16 (0x3e7518b8) determine_activation_state_old: The original activation state is WildcardActivated
Sun Jul 15 04:43:46 2012 pid=16 (0x3e7518b8) determine_activation_state_old: SIM status: kCTSIMSupportSIMStatusOperatorLocked
Sun Jul 15 04:43:46 2012 pid=16 (0x3e7518b8) determine_activation_state_old: No ICCID in the activation record
Sun Jul 15 04:43:46 2012 pid=16 (0x3e7518b8) determine_activation_state_old: The record contains a wildcard ticket
Sun Jul 15 04:43:46 2012 pid=16 (0x3e7518b8) deliver_baseband_ticket: Issuing activation ticket
Sun Jul 15 04:43:46 2012 pid=16 (0x3e7518b8) deliver_baseband_ticket: Storing propose activation ticket in the data ark
Sun Jul 15 04:43:46 2012 pid=16 (0x3e7518b8) determine_activation_state_old: The activation state has not changed.
Sun Jul 15 04:43:47 2012 pid=16 (0x3e7518b8) lookup_baseband_info_old: The SIM status has changed
Sun Jul 15 04:43:47 2012 pid=16 (0x3e7518b8) _extract_record_identifier: Could not extract ICCID from account token
Sun Jul 15 04:43:47 2012 pid=16 (0x3e7518b8) load_activation_records: Could not extract ICCID from record
Sun Jul 15 04:43:47 2012 pid=16 (0x3e7518b8) load_activation_records: This is a wildcard record
Sun Jul 15 04:43:47 2012 pid=16 (0x3e7518b8) dealwith_activation: No unlock record. Looking for a care flag.
Sun Jul 15 04:43:47 2012 pid=16 (0x3e7518b8) dealwith_activation: No care flag. Looking for a record that matches the SIM.
Sun Jul 15 04:43:47 2012 pid=16 (0x3e7518b8) dealwith_activation: Looking up the record for ICCID 89014103255195342366
Sun Jul 15 04:43:47 2012 pid=16 (0x3e7518b8) dealwith_activation: No record for the SIM. Looking for wildcard.
Sun Jul 15 04:43:48 2012 pid=16 (0x3e7518b8) determine_activation_state_old: This device is a phone. It supports factory activation.
Sun Jul 15 04:43:48 2012 pid=16 (0x3e7518b8) determine_activation_state_old: The original activation state is WildcardActivated
Sun Jul 15 04:43:48 2012 pid=16 (0x3e7518b8) determine_activation_state_old: SIM status: kCTSIMSupportSIMStatusReady
Sun Jul 15 04:43:48 2012 pid=16 (0x3e7518b8) determine_activation_state_old: Removing previously issued activation ticket from data ark
Sun Jul 15 04:43:48 2012 pid=16 (0x3e7518b8) determine_activation_state_old: No ICCID in the activation record
Sun Jul 15 04:43:48 2012 pid=16 (0x3e7518b8) determine_activation_state_old: The record contains a wildcard ticket
Sun Jul 15 04:43:48 2012 pid=16 (0x3e7518b8) deliver_baseband_ticket: SIM is not in operator locked state. Ignoring activation ticket
Sun Jul 15 04:43:48 2012 pid=16 (0x3e7518b8) determine_activation_state_old: The activation state has not changed.
Sun Jul 15 04:43:52 2012 pid=16 (0x3e7518b8) set_formated_phone_number: New phone number 1 (703) 340-9661 to insert into the ark
Sun Jul 15 05:54:35 2012 pid=16 (0x3e7518b8) main: Starting Up
Sun Jul 15 05:54:43 2012 pid=16 (0x3e7518b8) lockstart_local: Build= 8C148
Sun Jul 15 05:54:49 2012 pid=16 (0x3e7518b8) ping_configd: Not setting host name, it already has one: Tracy Sumtwelve’s iPhone
Sun Jul 15 05:54:49 2012 pid=16 (0x3e7518b8) lookup_baseband_info_old: The SIM status has changed
Sun Jul 15 05:54:49 2012 pid=16 (0x3e7518b8) lookup_baseband_info_old: Inserting an ICCID into the data ark. Triggering an activation check.
Sun Jul 15 05:54:49 2012 pid=16 (0x3e7518b8) lookup_baseband_info_old: Inserting an IMSI into the data ark. Triggering an activation check.
Sun Jul 15 05:54:49 2012 pid=16 (0x3e7518b8) lookup_baseband_info_old: Inserting baseband version into the data ark
Sun Jul 15 05:54:49 2012 pid=16 (0x3e7518b8) lookup_baseband_info_old: Inserting baseband bootloader version into the data ark
Sun Jul 15 05:54:49 2012 pid=16 (0x3e7518b8) _extract_record_identifier: Could not extract ICCID from account token
Sun Jul 15 05:54:49 2012 pid=16 (0x3e7518b8) load_activation_records: Could not extract ICCID from record
Sun Jul 15 05:54:49 2012 pid=16 (0x3e7518b8) load_activation_records: This is a wildcard record
Sun Jul 15 05:54:49 2012 pid=16 (0x3e7518b8) dealwith_activation: No unlock record. Looking for a care flag.
Sun Jul 15 05:54:49 2012 pid=16 (0x3e7518b8) dealwith_activation: No care flag. Looking for a record that matches the SIM.
Sun Jul 15 05:54:49 2012 pid=16 (0x3e7518b8) dealwith_activation: Looking up the record for ICCID 89014103255195342366
Sun Jul 15 05:54:49 2012 pid=16 (0x3e7518b8) dealwith_activation: No record for the SIM. Looking for wildcard.
Sun Jul 15 05:54:51 2012 pid=16 (0x3e7518b8) determine_activation_state_old: This device is a phone. It supports factory activation.
Sun Jul 15 05:54:51 2012 pid=16 (0x3e7518b8) determine_activation_state_old: The original activation state is WildcardActivated
Sun Jul 15 05:54:51 2012 pid=16 (0x3e7518b8) determine_activation_state_old: SIM status: kCTSIMSupportSIMStatusOperatorLocked
Sun Jul 15 05:54:51 2012 pid=16 (0x3e7518b8) determine_activation_state_old: No ICCID in the activation record
Sun Jul 15 05:54:51 2012 pid=16 (0x3e7518b8) determine_activation_state_old: The record contains a wildcard ticket
Sun Jul 15 05:54:51 2012 pid=16 (0x3e7518b8) deliver_baseband_ticket: Issuing activation ticket
Sun Jul 15 05:54:51 2012 pid=16 (0x3e7518b8) deliver_baseband_ticket: Storing propose activation ticket in the data ark
Sun Jul 15 05:54:51 2012 pid=16 (0x3e7518b8) determine_activation_state_old: The activation state has not changed.
Sun Jul 15 05:54:52 2012 pid=16 (0x3e7518b8) lookup_baseband_info_old: The SIM status has changed
Sun Jul 15 05:54:52 2012 pid=16 (0x3e7518b8) _extract_record_identifier: Could not extract ICCID from account token
Sun Jul 15 05:54:52 2012 pid=16 (0x3e7518b8) load_activation_records: Could not extract ICCID from record
Sun Jul 15 05:54:52 2012 pid=16 (0x3e7518b8) load_activation_records: This is a wildcard record
Sun Jul 15 05:54:52 2012 pid=16 (0x3e7518b8) dealwith_activation: No unlock record. Looking for a care flag.
Sun Jul 15 05:54:52 2012 pid=16 (0x3e7518b8) dealwith_activation: No care flag. Looking for a record that matches the SIM.
Sun Jul 15 05:54:52 2012 pid=16 (0x3e7518b8) dealwith_activation: Looking up the record for ICCID 89014103255195342366
Sun Jul 15 05:54:52 2012 pid=16 (0x3e7518b8) dealwith_activation: No record for the SIM. Looking for wildcard.
Sun Jul 15 05:54:53 2012 pid=16 (0x3e7518b8) determine_activation_state_old: This device is a phone. It supports factory activation.
Sun Jul 15 05:54:53 2012 pid=16 (0x3e7518b8) determine_activation_state_old: The original activation state is WildcardActivated
Sun Jul 15 05:54:53 2012 pid=16 (0x3e7518b8) determine_activation_state_old: SIM status: kCTSIMSupportSIMStatusReady
Sun Jul 15 05:54:53 2012 pid=16 (0x3e7518b8) determine_activation_state_old: Removing previously issued activation ticket from data ark
Sun Jul 15 05:54:53 2012 pid=16 (0x3e7518b8) determine_activation_state_old: No ICCID in the activation record
Sun Jul 15 05:54:53 2012 pid=16 (0x3e7518b8) determine_activation_state_old: The record contains a wildcard ticket
Sun Jul 15 05:54:53 2012 pid=16 (0x3e7518b8) deliver_baseband_ticket: SIM is not in operator locked state. Ignoring activation ticket
Sun Jul 15 05:54:53 2012 pid=16 (0x3e7518b8) determine_activation_state_old: The activation state has not changed.
Sun Jul 15 05:54:53 2012 pid=16 (0x3e7518b8) lookup_baseband_info_old: The SIM status has changed
Sun Jul 15 05:54:53 2012 pid=16 (0x3e7518b8) _extract_record_identifier: Could not extract ICCID from account token
Sun Jul 15 05:54:53 2012 pid=16 (0x3e7518b8) load_activation_records: Could not extract ICCID from record
Sun Jul 15 05:54:53 2012 pid=16 (0x3e7518b8) load_activation_records: This is a wildcard record
Sun Jul 15 05:54:53 2012 pid=16 (0x3e7518b8) dealwith_activation: No unlock record. Looking for a care flag.
Sun Jul 15 05:54:53 2012 pid=16 (0x3e7518b8) dealwith_activation: No care flag. Looking for a record that matches the SIM.
Sun Jul 15 05:54:53 2012 pid=16 (0x3e7518b8) dealwith_activation: Looking up the record for ICCID 89014103255195342366
Sun Jul 15 05:54:53 2012 pid=16 (0x3e7518b8) dealwith_activation: No record for the SIM. Looking for wildcard.
Sun Jul 15 05:54:54 2012 pid=16 (0x3e7518b8) determine_activation_state_old: This device is a phone. It supports factory activation.
Sun Jul 15 05:54:54 2012 pid=16 (0x3e7518b8) determine_activation_state_old: The original activation state is WildcardActivated
Sun Jul 15 05:54:54 2012 pid=16 (0x3e7518b8) determine_activation_state_old: SIM status: kCTSIMSupportSIMStatusReady
Sun Jul 15 05:54:54 2012 pid=16 (0x3e7518b8) determine_activation_state_old: No ICCID in the activation record
Sun Jul 15 05:54:54 2012 pid=16 (0x3e7518b8) determine_activation_state_old: The record contains a wildcard ticket
Sun Jul 15 05:54:54 2012 pid=16 (0x3e7518b8) deliver_baseband_ticket: SIM is not in operator locked state. Ignoring activation ticket
Sun Jul 15 05:54:54 2012 pid=16 (0x3e7518b8) determine_activation_state_old: The activation state has not changed.
Sun Jul 15 05:55:00 2012 pid=16 (0x3e7518b8) set_formated_phone_number: New phone number 1 (703) 340-9661 to insert into the ark
